Tue Sep 17 20:17:13 EEST 2024 Script is starting
Tue Sep 17 20:17:55 EEST 2024 Script is starting
Tue Sep 17 20:18:26 EEST 2024 Script is starting
Tue Sep 17 20:20:28 EEST 2024 Script is starting
Tue Sep 17 20:20:38 EEST 2024 Script is starting
Tue Sep 17 20:22:04 EEST 2024 Script is starting
Tue Sep 17 20:22:21 EEST 2024 Script is starting
Tue Sep 17 20:22:31 EEST 2024 Script is starting
Tue Sep 17 20:23:25 EEST 2024 Script is starting
Tue Sep 17 20:25:35 EEST 2024 Script is starting
Tue Sep 17 20:25:35 EEST 2024 File created
Command succeeded
Tue Sep 17 20:25:51 EEST 2024 Script is starting
Tue Sep 17 20:25:51 EEST 2024 File delete
Command succeeded
Tue Sep 17 20:26:23 EEST 2024 Script is starting
Tue Sep 17 20:26:23 EEST 2024 File created
Command succeeded
Tue Sep 17 20:28:21 EEST 2024 Script is starting
Tue Sep 17 20:28:21 EEST 2024 File created
Command succeeded
Tue Sep 17 20:28:42 EEST 2024 Script is starting
Tue Sep 17 20:28:42 EEST 2024 File delete
Command succeeded
Tue Sep 17 20:28:49 EEST 2024 Script is starting
Tue Sep 17 20:28:49 EEST 2024 File created
Command succeeded
Tue Sep 17 20:28:55 EEST 2024 Script is starting
Tue Sep 17 20:28:55 EEST 2024 File delete
Command succeeded
Tue Sep 17 20:29:52 EEST 2024 Script is starting
Tue Sep 17 20:29:52 EEST 2024 File created
Command succeeded
Tue Sep 17 20:29:58 EEST 2024 Script is starting
Tue Sep 17 20:29:58 EEST 2024 File deleted
Command succeeded
Tue Sep 17 20:31:28 EEST 2024 Script is starting
Tue Sep 17 20:31:28 EEST 2024 File created
Command succeeded
Tue Sep 17 20:31:58 EEST 2024 Script is starting
Tue Sep 17 20:31:58 EEST 2024 File deleted
Command succeeded
Tue Sep 17 20:34:03 EEST 2024 Script is starting
Tue Sep 17 20:34:03 EEST 2024 File created
Command succeeded
Tue Sep 17 20:36:59 EEST 2024 Script is starting
Tue Sep 17 20:36:59 EEST 2024 File deleted
Command succeeded
Tue Sep 17 20:37:31 EEST 2024 Script is starting
Tue Sep 17 20:37:31 EEST 2024 File created
Command succeeded
